2026-02-15 05:55:33,373 - INFO - Starting Gmail Watcher...
2026-02-15 05:55:34,334 - INFO - file_cache is only supported with oauth2client<4.0.0
2026-02-15 05:55:34,340 - INFO - Successfully authenticated with Gmail API
2026-02-15 05:55:34,340 - INFO - Checking for unread important emails...
2026-02-15 05:55:35,527 - INFO - Found 2 unread important emails
2026-02-15 05:55:36,175 - INFO - Created task file: Needs_Action\gmail_1979b450_.md
2026-02-15 05:55:36,780 - INFO - Created task file: Needs_Action\gmail_1979b448_.md
2026-02-15 05:55:36,781 - INFO - Waiting 120 seconds before next check...
2026-02-15 05:57:36,783 - INFO - Checking for unread important emails...
2026-02-15 05:57:37,025 - INFO - Found 2 unread important emails
2026-02-15 05:57:37,026 - INFO - Waiting 120 seconds before next check...
2026-02-15 05:57:59,237 - INFO - Starting Gmail Watcher...
2026-02-15 05:57:59,241 - INFO - file_cache is only supported with oauth2client<4.0.0
2026-02-15 05:57:59,243 - INFO - Successfully authenticated with Gmail API
2026-02-15 05:57:59,265 - INFO - Checking for unread important emails...
2026-02-15 05:58:00,075 - INFO - Found 2 unread important emails
2026-02-15 05:58:00,077 - INFO - Waiting 120 seconds before next check...
2026-02-15 06:00:00,077 - INFO - Checking for unread important emails...
2026-02-15 06:00:00,304 - INFO - Found 2 unread important emails
2026-02-15 06:00:00,306 - INFO - Waiting 120 seconds before next check...
2026-02-15 06:00:30,495 - INFO - Starting Gmail Watcher...
2026-02-15 06:00:30,498 - INFO - file_cache is only supported with oauth2client<4.0.0
2026-02-15 06:00:30,500 - INFO - Successfully authenticated with Gmail API
2026-02-15 06:00:30,511 - INFO - Checking for unread important emails...
2026-02-15 06:00:31,704 - INFO - Found 2 unread important emails
2026-02-15 06:00:31,705 - INFO - Waiting 120 seconds before next check...
2026-02-15 06:02:31,707 - INFO - Checking for unread important emails...
2026-02-15 06:02:31,965 - INFO - Found 2 unread important emails
2026-02-15 06:02:31,969 - INFO - Waiting 120 seconds before next check...
2026-02-15 06:04:31,971 - INFO - Checking for unread important emails...
2026-02-15 06:04:32,204 - INFO - Found 2 unread important emails
2026-02-15 06:04:32,207 - INFO - Waiting 120 seconds before next check...
2026-02-15 06:09:27,811 - INFO - Starting Gmail Watcher...
2026-02-15 06:09:27,816 - INFO - file_cache is only supported with oauth2client<4.0.0
2026-02-15 06:09:27,819 - INFO - Successfully authenticated with Gmail API
2026-02-15 06:09:27,830 - INFO - Checking for unread important emails...
2026-02-15 06:09:29,119 - INFO - Found 2 unread important emails
2026-02-15 06:09:29,120 - INFO - Waiting 120 seconds before next check...
2026-02-15 06:10:02,871 - INFO - Starting Gmail Watcher...
2026-02-15 06:10:02,875 - INFO - file_cache is only supported with oauth2client<4.0.0
2026-02-15 06:10:02,877 - INFO - Successfully authenticated with Gmail API
2026-02-15 06:10:02,878 - INFO - Checking for unread important emails...
2026-02-15 06:10:03,665 - INFO - Found 2 unread important emails
2026-02-15 06:10:03,666 - INFO - Waiting 120 seconds before next check...
2026-02-15 06:11:08,956 - INFO - Starting Gmail Watcher...
2026-02-15 06:11:08,960 - INFO - file_cache is only supported with oauth2client<4.0.0
2026-02-15 06:11:08,961 - INFO - Successfully authenticated with Gmail API
2026-02-15 06:11:08,963 - INFO - Checking for unread important emails...
2026-02-15 06:11:09,753 - INFO - Found 2 unread important emails
2026-02-15 06:11:09,756 - INFO - Waiting 120 seconds before next check...
2026-02-15 06:12:18,094 - INFO - Starting Gmail Watcher...
2026-02-15 06:12:18,098 - INFO - file_cache is only supported with oauth2client<4.0.0
2026-02-15 06:12:18,100 - INFO - Successfully authenticated with Gmail API
2026-02-15 06:12:18,102 - INFO - Checking for unread important emails...
2026-02-15 06:12:18,912 - INFO - Found 2 unread important emails
2026-02-15 06:12:18,914 - INFO - Waiting 120 seconds before next check...
2026-02-15 06:14:42,465 - INFO - Starting Gmail Watcher...
2026-02-15 06:14:42,468 - INFO - file_cache is only supported with oauth2client<4.0.0
2026-02-15 06:14:42,470 - INFO - Successfully authenticated with Gmail API
2026-02-15 06:14:42,471 - INFO - Checking for unread important emails...
2026-02-15 06:14:43,823 - INFO - Found 2 unread important emails
2026-02-15 06:14:43,826 - INFO - Waiting 120 seconds before next check...
2026-02-15 06:16:14,334 - INFO - Starting Gmail Watcher...
2026-02-15 06:16:14,337 - INFO - file_cache is only supported with oauth2client<4.0.0
2026-02-15 06:16:14,339 - INFO - Successfully authenticated with Gmail API
2026-02-15 06:16:14,341 - INFO - Checking for unread important emails...
2026-02-15 06:16:15,691 - INFO - Found 2 unread important emails
2026-02-15 06:16:15,692 - INFO - Waiting 120 seconds before next check...
2026-02-15 06:18:15,692 - INFO - Checking for unread important emails...
2026-02-15 06:18:15,940 - INFO - Found 2 unread important emails
2026-02-15 06:18:15,943 - INFO - Waiting 120 seconds before next check...
2026-02-15 06:20:15,945 - INFO - Checking for unread important emails...
2026-02-15 06:20:16,180 - INFO - Found 2 unread important emails
2026-02-15 06:20:16,183 - INFO - Waiting 120 seconds before next check...
2026-02-15 06:20:54,192 - INFO - Starting Gmail Watcher...
2026-02-15 06:20:54,197 - INFO - file_cache is only supported with oauth2client<4.0.0
2026-02-15 06:20:54,200 - INFO - Successfully authenticated with Gmail API
2026-02-15 06:20:54,202 - INFO - Checking for unread important emails...
2026-02-15 06:20:55,599 - INFO - Found 2 unread important emails
2026-02-15 06:20:55,600 - INFO - Waiting 120 seconds before next check...
2026-02-15 06:22:55,602 - INFO - Checking for unread important emails...
2026-02-15 06:22:55,840 - INFO - Found 2 unread important emails
2026-02-15 06:22:55,844 - INFO - Waiting 120 seconds before next check...
2026-02-15 06:24:56,895 - INFO - Starting Gmail Watcher...
2026-02-15 06:24:56,900 - INFO - file_cache is only supported with oauth2client<4.0.0
2026-02-15 06:24:56,904 - INFO - Successfully authenticated with Gmail API
2026-02-15 06:24:56,906 - INFO - Checking for unread important emails...
2026-02-15 06:24:57,940 - INFO - Found 2 unread important emails
2026-02-15 06:24:57,941 - INFO - Waiting 120 seconds before next check...
2026-02-15 06:25:01,799 - INFO - Starting Gmail Watcher...
2026-02-15 06:25:01,803 - INFO - file_cache is only supported with oauth2client<4.0.0
2026-02-15 06:25:01,805 - INFO - Successfully authenticated with Gmail API
2026-02-15 06:25:01,806 - INFO - Checking for unread important emails...
2026-02-15 06:25:02,601 - INFO - Found 2 unread important emails
2026-02-15 06:25:02,604 - INFO - Waiting 120 seconds before next check...
2026-02-15 06:25:29,622 - INFO - Starting Gmail Watcher...
2026-02-15 06:25:29,626 - INFO - file_cache is only supported with oauth2client<4.0.0
2026-02-15 06:25:29,628 - INFO - Successfully authenticated with Gmail API
2026-02-15 06:25:29,629 - INFO - Checking for unread important emails...
2026-02-15 06:25:30,439 - INFO - Found 2 unread important emails
2026-02-15 06:25:30,440 - INFO - Waiting 120 seconds before next check...
2026-02-15 06:26:55,898 - INFO - Starting Gmail Watcher...
2026-02-15 06:26:55,903 - INFO - file_cache is only supported with oauth2client<4.0.0
2026-02-15 06:26:55,906 - INFO - Successfully authenticated with Gmail API
2026-02-15 06:26:55,909 - INFO - Checking for unread important emails...
2026-02-15 06:26:57,278 - INFO - Found 2 unread important emails
2026-02-15 06:26:57,279 - INFO - Waiting 120 seconds before next check...
2026-02-15 06:28:57,281 - INFO - Checking for unread important emails...
2026-02-15 06:28:57,518 - INFO - Found 2 unread important emails
2026-02-15 06:28:57,520 - INFO - Waiting 120 seconds before next check...
2026-02-15 06:30:03,872 - INFO - Starting Gmail Watcher...
2026-02-15 06:30:03,876 - INFO - file_cache is only supported with oauth2client<4.0.0
2026-02-15 06:30:03,879 - INFO - Successfully authenticated with Gmail API
2026-02-15 06:30:03,881 - INFO - Checking for unread important emails...
2026-02-15 06:30:04,849 - INFO - Found 2 unread important emails
2026-02-15 06:30:04,850 - INFO - Waiting 120 seconds before next check...
2026-02-15 06:30:08,539 - INFO - Starting Gmail Watcher...
2026-02-15 06:30:08,542 - INFO - file_cache is only supported with oauth2client<4.0.0
2026-02-15 06:30:08,544 - INFO - Successfully authenticated with Gmail API
2026-02-15 06:30:08,545 - INFO - Checking for unread important emails...
2026-02-15 06:30:09,428 - INFO - Found 2 unread important emails
2026-02-15 06:30:09,428 - INFO - Waiting 120 seconds before next check...
2026-02-15 06:32:44,740 - INFO - Starting Gmail Watcher...
2026-02-15 06:32:44,746 - INFO - file_cache is only supported with oauth2client<4.0.0
2026-02-15 06:32:44,748 - INFO - Successfully authenticated with Gmail API
2026-02-15 06:32:44,750 - INFO - Checking for unread important emails...
2026-02-15 06:32:46,227 - INFO - Found 2 unread important emails
2026-02-15 06:32:46,230 - INFO - Waiting 120 seconds before next check...
2026-02-15 06:32:49,959 - INFO - Starting Gmail Watcher...
2026-02-15 06:32:49,964 - INFO - file_cache is only supported with oauth2client<4.0.0
2026-02-15 06:32:49,966 - INFO - Successfully authenticated with Gmail API
2026-02-15 06:32:49,967 - INFO - Checking for unread important emails...
2026-02-15 06:32:51,087 - INFO - Found 2 unread important emails
2026-02-15 06:32:51,088 - INFO - Waiting 120 seconds before next check...
2026-02-15 06:34:14,114 - INFO - Starting Gmail Watcher...
2026-02-15 06:34:14,118 - INFO - file_cache is only supported with oauth2client<4.0.0
2026-02-15 06:34:14,121 - INFO - Successfully authenticated with Gmail API
2026-02-15 06:34:14,123 - INFO - Checking for unread important emails...
2026-02-15 06:34:15,427 - INFO - Found 2 unread important emails
2026-02-15 06:34:15,432 - INFO - Waiting 120 seconds before next check...
2026-02-15 06:34:19,187 - INFO - Starting Gmail Watcher...
2026-02-15 06:34:19,191 - INFO - file_cache is only supported with oauth2client<4.0.0
2026-02-15 06:34:19,193 - INFO - Successfully authenticated with Gmail API
2026-02-15 06:34:19,194 - INFO - Checking for unread important emails...
2026-02-15 06:34:20,669 - INFO - Found 2 unread important emails
2026-02-15 06:34:20,671 - INFO - Waiting 120 seconds before next check...
2026-02-15 06:36:12,631 - INFO - Starting Gmail Watcher...
2026-02-15 06:36:12,635 - INFO - file_cache is only supported with oauth2client<4.0.0
2026-02-15 06:36:12,639 - INFO - Successfully authenticated with Gmail API
2026-02-15 06:36:12,641 - INFO - Checking for unread important emails...
2026-02-15 06:36:13,533 - INFO - Found 2 unread important emails
2026-02-15 06:36:13,534 - INFO - Waiting 120 seconds before next check...
2026-02-15 06:36:38,360 - INFO - Starting Gmail Watcher...
2026-02-15 06:36:38,365 - INFO - file_cache is only supported with oauth2client<4.0.0
2026-02-15 06:36:38,368 - INFO - Successfully authenticated with Gmail API
2026-02-15 06:36:38,369 - INFO - Checking for unread important emails...
2026-02-15 06:36:39,664 - INFO - Found 2 unread important emails
2026-02-15 06:36:39,668 - INFO - Waiting 120 seconds before next check...
2026-02-15 06:38:13,535 - INFO - Checking for unread important emails...
2026-02-15 06:38:13,779 - INFO - Found 2 unread important emails
2026-02-15 06:38:13,780 - INFO - Waiting 120 seconds before next check...
2026-02-15 06:39:21,645 - INFO - Starting Gmail Watcher...
2026-02-15 06:39:21,648 - INFO - file_cache is only supported with oauth2client<4.0.0
2026-02-15 06:39:21,650 - INFO - Successfully authenticated with Gmail API
2026-02-15 06:39:21,651 - INFO - Checking for unread important emails...
2026-02-15 06:39:22,905 - INFO - Found 2 unread important emails
2026-02-15 06:39:22,906 - INFO - Waiting 120 seconds before next check...
2026-02-15 06:40:13,781 - INFO - Checking for unread important emails...
2026-02-15 06:40:14,015 - INFO - Found 2 unread important emails
2026-02-15 06:40:14,018 - INFO - Waiting 120 seconds before next check...
2026-02-15 06:42:14,019 - INFO - Checking for unread important emails...
2026-02-15 06:42:14,266 - INFO - Found 2 unread important emails
2026-02-15 06:42:14,269 - INFO - Waiting 120 seconds before next check...
2026-02-15 06:43:08,207 - INFO - Starting Gmail Watcher...
2026-02-15 06:43:08,210 - INFO - file_cache is only supported with oauth2client<4.0.0
2026-02-15 06:43:08,212 - INFO - Successfully authenticated with Gmail API
2026-02-15 06:43:08,221 - INFO - Checking for unread important emails...
2026-02-15 06:43:09,254 - INFO - Found 2 unread important emails
2026-02-15 06:43:09,255 - INFO - Waiting 120 seconds before next check...
2026-02-15 06:44:14,270 - INFO - Checking for unread important emails...
2026-02-15 06:44:14,495 - INFO - Found 2 unread important emails
2026-02-15 06:44:14,497 - INFO - Waiting 120 seconds before next check...
2026-02-15 06:45:15,904 - INFO - Starting Gmail Watcher...
2026-02-15 06:45:15,908 - INFO - file_cache is only supported with oauth2client<4.0.0
2026-02-15 06:45:15,910 - INFO - Successfully authenticated with Gmail API
2026-02-15 06:45:15,919 - INFO - Checking for unread important emails...
2026-02-15 06:45:16,784 - INFO - Found 2 unread important emails
2026-02-15 06:45:16,785 - INFO - Waiting 120 seconds before next check...
2026-02-15 06:45:42,538 - INFO - Starting Gmail Watcher...
2026-02-15 06:45:42,542 - INFO - file_cache is only supported with oauth2client<4.0.0
2026-02-15 06:45:42,543 - INFO - Successfully authenticated with Gmail API
2026-02-15 06:45:42,552 - INFO - Checking for unread important emails...
2026-02-15 06:45:43,396 - INFO - Found 2 unread important emails
2026-02-15 06:45:43,399 - INFO - Waiting 120 seconds before next check...
2026-02-15 06:46:14,499 - INFO - Checking for unread important emails...
2026-02-15 06:46:14,735 - INFO - Found 2 unread important emails
2026-02-15 06:46:14,738 - INFO - Waiting 120 seconds before next check...
2026-02-15 06:48:14,739 - INFO - Checking for unread important emails...
2026-02-15 06:48:14,973 - INFO - Found 2 unread important emails
2026-02-15 06:48:14,974 - INFO - Waiting 120 seconds before next check...
2026-02-15 06:50:14,975 - INFO - Checking for unread important emails...
2026-02-15 06:50:15,203 - INFO - Found 2 unread important emails
2026-02-15 06:50:15,204 - INFO - Waiting 120 seconds before next check...
2026-02-15 06:52:15,205 - INFO - Checking for unread important emails...
2026-02-15 06:52:16,373 - INFO - Found 2 unread important emails
2026-02-15 06:52:16,376 - INFO - Waiting 120 seconds before next check...
2026-02-15 06:54:16,377 - INFO - Checking for unread important emails...
2026-02-15 06:54:16,622 - INFO - Found 2 unread important emails
2026-02-15 06:54:16,623 - INFO - Waiting 120 seconds before next check...
2026-02-15 06:56:16,624 - INFO - Checking for unread important emails...
2026-02-15 06:56:16,882 - INFO - Found 2 unread important emails
2026-02-15 06:56:16,884 - INFO - Waiting 120 seconds before next check...
2026-02-15 06:58:16,885 - INFO - Checking for unread important emails...
2026-02-15 06:58:17,142 - INFO - Found 2 unread important emails
2026-02-15 06:58:17,143 - INFO - Waiting 120 seconds before next check...
2026-02-15 07:00:17,145 - INFO - Checking for unread important emails...
2026-02-15 07:00:17,391 - INFO - Found 2 unread important emails
2026-02-15 07:00:17,392 - INFO - Waiting 120 seconds before next check...
2026-02-15 07:03:57,783 - INFO - Starting Gmail Watcher...
2026-02-15 07:03:58,737 - INFO - file_cache is only supported with oauth2client<4.0.0
2026-02-15 07:03:58,741 - INFO - Successfully authenticated with Gmail API
2026-02-15 07:03:58,756 - INFO - Checking for unread important emails...
2026-02-15 07:04:00,102 - INFO - Found 2 unread important emails
2026-02-15 07:04:00,107 - INFO - Waiting 120 seconds before next check...
2026-02-15 07:10:20,629 - INFO - Starting Gmail Watcher...
2026-02-15 07:10:20,654 - INFO - file_cache is only supported with oauth2client<4.0.0
2026-02-15 07:10:20,657 - INFO - Successfully authenticated with Gmail API
2026-02-15 07:10:20,659 - INFO - Checking for unread important emails...
2026-02-15 07:10:21,532 - INFO - Found 2 unread important emails
2026-02-15 07:10:21,534 - INFO - Waiting 120 seconds before next check...
2026-02-15 07:21:23,354 - INFO - Starting Gmail Watcher...
2026-02-15 07:21:23,358 - INFO - file_cache is only supported with oauth2client<4.0.0
2026-02-15 07:21:23,361 - INFO - Successfully authenticated with Gmail API
2026-02-15 07:21:23,364 - INFO - Checking for unread important emails...
2026-02-15 07:21:24,202 - INFO - Found 2 unread important emails
2026-02-15 07:21:24,203 - INFO - Waiting 120 seconds before next check...
2026-02-15 07:24:42,516 - INFO - Starting Gmail Watcher...
2026-02-15 07:24:42,520 - INFO - file_cache is only supported with oauth2client<4.0.0
2026-02-15 07:24:42,524 - INFO - Successfully authenticated with Gmail API
2026-02-15 07:24:42,526 - INFO - Checking for unread important emails...
2026-02-15 07:24:43,510 - INFO - Found 2 unread important emails
2026-02-15 07:24:43,511 - INFO - Waiting 120 seconds before next check...
2026-02-15 07:33:20,842 - INFO - Starting Gmail Watcher...
2026-02-15 07:33:20,846 - INFO - file_cache is only supported with oauth2client<4.0.0
2026-02-15 07:33:20,849 - INFO - Successfully authenticated with Gmail API
2026-02-15 07:33:20,851 - INFO - Checking for unread important emails...
2026-02-15 07:33:21,739 - INFO - Found 2 unread important emails
2026-02-15 07:33:21,741 - INFO - Waiting 120 seconds before next check...
2026-02-15 07:35:21,747 - INFO - Checking for unread important emails...
2026-02-15 07:35:21,992 - INFO - Found 2 unread important emails
2026-02-15 07:35:21,994 - INFO - Waiting 120 seconds before next check...
2026-02-15 07:37:04,314 - INFO - Starting Gmail Watcher...
2026-02-15 07:37:04,319 - INFO - file_cache is only supported with oauth2client<4.0.0
2026-02-15 07:37:04,322 - INFO - Successfully authenticated with Gmail API
2026-02-15 07:37:04,324 - INFO - Checking for unread important emails...
2026-02-15 07:37:05,141 - INFO - Found 2 unread important emails
2026-02-15 07:37:05,145 - INFO - Waiting 120 seconds before next check...
2026-02-15 07:37:22,000 - INFO - Checking for unread important emails...
2026-02-15 07:37:22,236 - INFO - Found 2 unread important emails
2026-02-15 07:37:22,237 - INFO - Waiting 120 seconds before next check...
2026-02-15 07:39:22,243 - INFO - Checking for unread important emails...
2026-02-15 07:39:22,480 - INFO - Found 2 unread important emails
2026-02-15 07:39:22,481 - INFO - Waiting 120 seconds before next check...
2026-02-15 07:41:22,486 - INFO - Checking for unread important emails...
2026-02-15 07:41:23,102 - INFO - Found 2 unread important emails
2026-02-15 07:41:23,103 - INFO - Waiting 120 seconds before next check...
2026-02-15 07:43:23,108 - INFO - Checking for unread important emails...
2026-02-15 07:43:23,356 - INFO - Found 2 unread important emails
2026-02-15 07:43:23,358 - INFO - Waiting 120 seconds before next check...
2026-02-15 07:45:23,362 - INFO - Checking for unread important emails...
2026-02-15 07:45:23,618 - INFO - Found 2 unread important emails
2026-02-15 07:45:23,619 - INFO - Waiting 120 seconds before next check...
2026-02-15 07:47:23,623 - INFO - Checking for unread important emails...
2026-02-15 07:47:23,861 - INFO - Found 2 unread important emails
2026-02-15 07:47:23,861 - INFO - Waiting 120 seconds before next check...
2026-02-15 07:49:23,865 - INFO - Checking for unread important emails...
2026-02-15 07:49:24,106 - INFO - Found 2 unread important emails
2026-02-15 07:49:24,107 - INFO - Waiting 120 seconds before next check...
2026-02-15 07:51:24,111 - INFO - Checking for unread important emails...
2026-02-15 07:51:24,456 - INFO - Found 2 unread important emails
2026-02-15 07:51:24,457 - INFO - Waiting 120 seconds before next check...
2026-02-15 07:53:24,461 - INFO - Checking for unread important emails...
2026-02-15 07:53:24,729 - INFO - Found 2 unread important emails
2026-02-15 07:53:24,730 - INFO - Waiting 120 seconds before next check...
2026-02-15 07:53:47,634 - INFO - Starting Gmail Watcher...
2026-02-15 07:53:47,641 - INFO - file_cache is only supported with oauth2client<4.0.0
2026-02-15 07:53:47,645 - INFO - Successfully authenticated with Gmail API
2026-02-15 07:53:47,648 - INFO - Checking for unread important emails...
2026-02-15 07:53:49,070 - INFO - Found 2 unread important emails
2026-02-15 07:53:49,071 - INFO - Waiting 120 seconds before next check...
2026-02-15 07:55:24,734 - INFO - Checking for unread important emails...
2026-02-15 07:55:24,982 - INFO - Found 2 unread important emails
2026-02-15 07:55:24,983 - INFO - Waiting 120 seconds before next check...
2026-02-15 07:55:49,075 - INFO - Checking for unread important emails...
2026-02-15 07:55:49,302 - INFO - Found 2 unread important emails
2026-02-15 07:55:49,303 - INFO - Waiting 120 seconds before next check...
2026-02-15 07:57:51,018 - INFO - Starting Gmail Watcher...
2026-02-15 07:57:51,022 - INFO - file_cache is only supported with oauth2client<4.0.0
2026-02-15 07:57:51,025 - INFO - Successfully authenticated with Gmail API
2026-02-15 07:57:51,028 - INFO - Checking for unread important emails...
2026-02-15 07:57:51,888 - INFO - Found 2 unread important emails
2026-02-15 07:57:51,890 - INFO - Waiting 120 seconds before next check...
2026-02-15 07:59:51,895 - INFO - Checking for unread important emails...
2026-02-15 07:59:52,533 - INFO - Found 2 unread important emails
2026-02-15 07:59:52,535 - INFO - Waiting 120 seconds before next check...
2026-02-15 08:01:52,539 - INFO - Checking for unread important emails...
2026-02-15 08:01:54,558 - INFO - Found 2 unread important emails
2026-02-15 08:01:54,560 - INFO - Waiting 120 seconds before next check...
